2017-06-21 23:09:38,564 [Thread-42:9884] [django.request:152] [base:get_response] [WARNING]- Not Found: /media/upload/2017/06/15/mekpfc.png
2017-06-21 23:09:38,588 [Thread-43:15728] [django.request:152] [base:get_response] [WARNING]- Not Found: /media/upload/2017/06/15/refrie.png
2017-06-21 23:09:38,571 [Thread-41:11472] [django.request:152] [base:get_response] [WARNING]- Not Found: /media/upload/2017/06/15/ltmjux.png
2017-06-21 23:09:38,638 [Thread-44:11172] [django.request:152] [base:get_response] [WARNING]- Not Found: /media/upload/2017/06/15/gjgjcb.png
2017-06-21 23:09:38,655 [Thread-45:2408] [django.request:152] [base:get_response] [WARNING]- Not Found: /media/upload/2017/06/15/jvzbxh.png
2017-06-21 23:09:39,036 [Thread-46:12312] [django.request:152] [base:get_response] [WARNING]- Not Found: /media/upload/2017/06/15/mekpfc.png
2017-06-21 23:41:19,240 [Thread-12:14284] [django.request:152] [base:get_response] [WARNING]- Not Found: /media/upload/2017/06/15/ltmjux.png
2017-06-21 23:41:19,257 [Thread-13:1832] [django.request:152] [base:get_response] [WARNING]- Not Found: /media/upload/2017/06/15/mekpfc.png
2017-06-21 23:41:19,317 [Thread-14:14536] [django.request:152] [base:get_response] [WARNING]- Not Found: /media/upload/2017/06/15/refrie.png
2017-06-21 23:41:19,322 [Thread-15:8320] [django.request:152] [base:get_response] [WARNING]- Not Found: /media/upload/2017/06/15/jvzbxh.png
2017-06-21 23:41:19,334 [Thread-16:9772] [django.request:152] [base:get_response] [WARNING]- Not Found: /media/upload/2017/06/15/gjgjcb.png
2017-06-21 23:41:19,793 [Thread-17:13916] [django.request:152] [base:get_response] [WARNING]- Not Found: /media/upload/2017/06/15/ltmjux.png
2017-06-21 23:41:19,815 [Thread-18:324] [django.request:152] [base:get_response] [WARNING]- Not Found: /media/upload/2017/06/15/mekpfc.png
2017-06-21 23:41:19,823 [Thread-19:16328] [django.request:152] [base:get_response] [WARNING]- Not Found: /media/upload/2017/06/15/gjgjcb.png
2017-06-21 23:41:19,838 [Thread-20:6428] [django.request:152] [base:get_response] [WARNING]- Not Found: /media/upload/2017/06/15/refrie.png
2017-06-21 23:41:19,853 [Thread-21:11788] [django.request:152] [base:get_response] [WARNING]- Not Found: /media/upload/2017/06/15/jvzbxh.png
2017-06-21 23:46:22,007 [Thread-67:15196] [django.request:152] [base:get_response] [WARNING]- Not Found: /media/upload/2017/06/15/mekpfc.png
2017-06-21 23:46:22,011 [Thread-66:5264] [django.request:152] [base:get_response] [WARNING]- Not Found: /media/upload/2017/06/15/ltmjux.png
2017-06-21 23:46:22,027 [Thread-68:14056] [django.request:152] [base:get_response] [WARNING]- Not Found: /media/upload/2017/06/15/refrie.png
2017-06-21 23:46:22,076 [Thread-69:14676] [django.request:152] [base:get_response] [WARNING]- Not Found: /media/upload/2017/06/15/jvzbxh.png
2017-06-21 23:46:22,095 [Thread-70:10940] [django.request:152] [base:get_response] [WARNING]- Not Found: /media/upload/2017/06/15/gjgjcb.png
2017-06-21 23:46:22,638 [Thread-71:16176] [django.request:152] [base:get_response] [WARNING]- Not Found: /media/upload/2017/06/15/ltmjux.png
2017-06-21 23:46:22,656 [Thread-72:16136] [django.request:152] [base:get_response] [WARNING]- Not Found: /media/upload/2017/06/15/mekpfc.png
2017-06-21 23:46:22,668 [Thread-73:15476] [django.request:152] [base:get_response] [WARNING]- Not Found: /media/upload/2017/06/15/gjgjcb.png
2017-06-21 23:46:22,681 [Thread-74:9968] [django.request:152] [base:get_response] [WARNING]- Not Found: /media/upload/2017/06/15/refrie.png
2017-06-21 23:46:22,696 [Thread-75:10844] [django.request:152] [base:get_response] [WARNING]- Not Found: /media/upload/2017/06/15/jvzbxh.png
2017-06-21 23:47:06,779 [Thread-77:13740] [django.request:152] [base:get_response] [WARNING]- Not Found: /media/upload/2017/06/15/mekpfc.png
2017-06-21 23:52:23,537 [Thread-79:5828] [django.request:135] [exception:handle_uncaught_exception] [ERROR]- Internal Server Error: /tag/Pycharm-acitve/
Traceback (most recent call last):
  File "C:\Envs\blogproject_env\lib\site-packages\django\core\handlers\exception.py", line 41, in inner
    response = get_response(request)
  File "C:\Envs\blogproject_env\lib\site-packages\django\core\handlers\base.py", line 187, in _get_response
    response = self.process_exception_by_middleware(e, request)
  File "C:\Envs\blogproject_env\lib\site-packages\django\core\handlers\base.py", line 185, in _get_response
    response = wrapped_callback(request, *callback_args, **callback_kwargs)
  File "C:\Users\zry71\PycharmProjects\django_blog\blog\views.py", line 59, in tag
    return render(request, 'blog/index.html', context={'post_list':post_list})
  File "C:\Envs\blogproject_env\lib\site-packages\django\shortcuts.py", line 30, in render
    content = loader.render_to_string(template_name, context, request, using=using)
  File "C:\Envs\blogproject_env\lib\site-packages\django\template\loader.py", line 68, in render_to_string
    return template.render(context, request)
  File "C:\Envs\blogproject_env\lib\site-packages\django\template\backends\django.py", line 66, in render
    return self.template.render(context)
  File "C:\Envs\blogproject_env\lib\site-packages\django\template\base.py", line 207, in render
    return self._render(context)
  File "C:\Envs\blogproject_env\lib\site-packages\django\template\base.py", line 199, in _render
    return self.nodelist.render(context)
  File "C:\Envs\blogproject_env\lib\site-packages\django\template\base.py", line 990, in render
    bit = node.render_annotated(context)
  File "C:\Envs\blogproject_env\lib\site-packages\django\template\base.py", line 957, in render_annotated
    return self.render(context)
  File "C:\Envs\blogproject_env\lib\site-packages\django\template\loader_tags.py", line 177, in render
    return compiled_parent._render(context)
  File "C:\Envs\blogproject_env\lib\site-packages\django\template\base.py", line 199, in _render
    return self.nodelist.render(context)
  File "C:\Envs\blogproject_env\lib\site-packages\django\template\base.py", line 990, in render
    bit = node.render_annotated(context)
  File "C:\Envs\blogproject_env\lib\site-packages\django\template\base.py", line 957, in render_annotated
    return self.render(context)
  File "C:\Envs\blogproject_env\lib\site-packages\django\template\loader_tags.py", line 72, in render
    result = block.nodelist.render(context)
  File "C:\Envs\blogproject_env\lib\site-packages\django\template\base.py", line 990, in render
    bit = node.render_annotated(context)
  File "C:\Envs\blogproject_env\lib\site-packages\django\template\base.py", line 957, in render_annotated
    return self.render(context)
  File "C:\Envs\blogproject_env\lib\site-packages\django\template\defaulttags.py", line 216, in render
    nodelist.append(node.render_annotated(context))
  File "C:\Envs\blogproject_env\lib\site-packages\django\template\base.py", line 957, in render_annotated
    return self.render(context)
  File "C:\Envs\blogproject_env\lib\site-packages\django\template\defaulttags.py", line 458, in render
    url = reverse(view_name, args=args, kwargs=kwargs, current_app=current_app)
  File "C:\Envs\blogproject_env\lib\site-packages\django\urls\base.py", line 91, in reverse
    return force_text(iri_to_uri(resolver._reverse_with_prefix(view, prefix, *args, **kwargs)))
  File "C:\Envs\blogproject_env\lib\site-packages\django\urls\resolvers.py", line 497, in _reverse_with_prefix
    raise NoReverseMatch(msg)
django.urls.exceptions.NoReverseMatch: Reverse for 'tag' with arguments '('',)' not found. 1 pattern(s) tried: ['tag/(?P<slug>[a-zA-Z0-9_\\-\\u4e00-\\u9fa5]+)/$']
2017-06-21 23:57:45,790 [Thread-4:15760] [django.request:135] [exception:handle_uncaught_exception] [ERROR]- Internal Server Error: /
Traceback (most recent call last):
  File "C:\Envs\blogproject_env\lib\site-packages\django\core\handlers\exception.py", line 41, in inner
    response = get_response(request)
  File "C:\Envs\blogproject_env\lib\site-packages\django\core\handlers\base.py", line 187, in _get_response
    response = self.process_exception_by_middleware(e, request)
  File "C:\Envs\blogproject_env\lib\site-packages\django\core\handlers\base.py", line 185, in _get_response
    response = wrapped_callback(request, *callback_args, **callback_kwargs)
  File "C:\Users\zry71\PycharmProjects\django_blog\blog\views.py", line 30, in index
    return render(request, 'blog/index.html', context={'post_list': post_list})
  File "C:\Envs\blogproject_env\lib\site-packages\django\shortcuts.py", line 30, in render
    content = loader.render_to_string(template_name, context, request, using=using)
  File "C:\Envs\blogproject_env\lib\site-packages\django\template\loader.py", line 68, in render_to_string
    return template.render(context, request)
  File "C:\Envs\blogproject_env\lib\site-packages\django\template\backends\django.py", line 66, in render
    return self.template.render(context)
  File "C:\Envs\blogproject_env\lib\site-packages\django\template\base.py", line 207, in render
    return self._render(context)
  File "C:\Envs\blogproject_env\lib\site-packages\django\template\base.py", line 199, in _render
    return self.nodelist.render(context)
  File "C:\Envs\blogproject_env\lib\site-packages\django\template\base.py", line 990, in render
    bit = node.render_annotated(context)
  File "C:\Envs\blogproject_env\lib\site-packages\django\template\base.py", line 957, in render_annotated
    return self.render(context)
  File "C:\Envs\blogproject_env\lib\site-packages\django\template\loader_tags.py", line 177, in render
    return compiled_parent._render(context)
  File "C:\Envs\blogproject_env\lib\site-packages\django\template\base.py", line 199, in _render
    return self.nodelist.render(context)
  File "C:\Envs\blogproject_env\lib\site-packages\django\template\base.py", line 990, in render
    bit = node.render_annotated(context)
  File "C:\Envs\blogproject_env\lib\site-packages\django\template\base.py", line 957, in render_annotated
    return self.render(context)
  File "C:\Envs\blogproject_env\lib\site-packages\django\template\loader_tags.py", line 72, in render
    result = block.nodelist.render(context)
  File "C:\Envs\blogproject_env\lib\site-packages\django\template\base.py", line 990, in render
    bit = node.render_annotated(context)
  File "C:\Envs\blogproject_env\lib\site-packages\django\template\base.py", line 957, in render_annotated
    return self.render(context)
  File "C:\Envs\blogproject_env\lib\site-packages\django\template\defaulttags.py", line 216, in render
    nodelist.append(node.render_annotated(context))
  File "C:\Envs\blogproject_env\lib\site-packages\django\template\base.py", line 957, in render_annotated
    return self.render(context)
  File "C:\Envs\blogproject_env\lib\site-packages\django\template\defaulttags.py", line 458, in render
    url = reverse(view_name, args=args, kwargs=kwargs, current_app=current_app)
  File "C:\Envs\blogproject_env\lib\site-packages\django\urls\base.py", line 91, in reverse
    return force_text(iri_to_uri(resolver._reverse_with_prefix(view, prefix, *args, **kwargs)))
  File "C:\Envs\blogproject_env\lib\site-packages\django\urls\resolvers.py", line 497, in _reverse_with_prefix
    raise NoReverseMatch(msg)
django.urls.exceptions.NoReverseMatch: Reverse for 'tag' with arguments '('',)' not found. 1 pattern(s) tried: ['tag/(?P<slug>[a-zA-Z0-9_\\-\\u4e00-\\u9fa5]+)/$']
2017-06-21 23:59:37,689 [Thread-48:7864] [django.request:152] [base:get_response] [WARNING]- Not Found: /media/upload/2017/06/15/ltmjux.png
2017-06-21 23:59:37,727 [Thread-49:1364] [django.request:152] [base:get_response] [WARNING]- Not Found: /media/upload/2017/06/15/mekpfc.png
2017-06-21 23:59:37,750 [Thread-50:10768] [django.request:152] [base:get_response] [WARNING]- Not Found: /media/upload/2017/06/15/gjgjcb.png
2017-06-21 23:59:37,764 [Thread-51:12888] [django.request:152] [base:get_response] [WARNING]- Not Found: /media/upload/2017/06/15/refrie.png
2017-06-21 23:59:37,784 [Thread-52:8884] [django.request:152] [base:get_response] [WARNING]- Not Found: /media/upload/2017/06/15/jvzbxh.png
2017-06-21 23:59:38,189 [Thread-53:2252] [django.request:152] [base:get_response] [WARNING]- Not Found: /media/upload/2017/06/15/ltmjux.png
2017-06-21 23:59:38,226 [Thread-55:11392] [django.request:152] [base:get_response] [WARNING]- Not Found: /media/upload/2017/06/15/refrie.png
2017-06-21 23:59:38,228 [Thread-54:5384] [django.request:152] [base:get_response] [WARNING]- Not Found: /media/upload/2017/06/15/mekpfc.png
2017-06-21 23:59:38,234 [Thread-56:14964] [django.request:152] [base:get_response] [WARNING]- Not Found: /media/upload/2017/06/15/gjgjcb.png
2017-06-21 23:59:38,256 [Thread-57:7692] [django.request:152] [base:get_response] [WARNING]- Not Found: /media/upload/2017/06/15/jvzbxh.png
2017-06-22 00:03:58,785 [Thread-5:11348] [django.request:152] [base:get_response] [WARNING]- Not Found: /media/upload/2017/06/15/ltmjux.png
2017-06-22 00:03:58,819 [Thread-6:8652] [django.request:152] [base:get_response] [WARNING]- Not Found: /media/upload/2017/06/15/mekpfc.png
2017-06-22 00:03:58,839 [Thread-7:11584] [django.request:152] [base:get_response] [WARNING]- Not Found: /media/upload/2017/06/15/refrie.png
2017-06-22 00:03:58,859 [Thread-8:14196] [django.request:152] [base:get_response] [WARNING]- Not Found: /media/upload/2017/06/15/gjgjcb.png
2017-06-22 00:03:58,879 [Thread-9:13924] [django.request:152] [base:get_response] [WARNING]- Not Found: /media/upload/2017/06/15/jvzbxh.png
2017-06-22 00:03:59,226 [Thread-10:13116] [django.request:152] [base:get_response] [WARNING]- Not Found: /media/upload/2017/06/15/ltmjux.png
2017-06-22 00:03:59,246 [Thread-11:11444] [django.request:152] [base:get_response] [WARNING]- Not Found: /media/upload/2017/06/15/mekpfc.png
2017-06-22 00:03:59,258 [Thread-12:12264] [django.request:152] [base:get_response] [WARNING]- Not Found: /media/upload/2017/06/15/refrie.png
2017-06-22 00:03:59,272 [Thread-13:11968] [django.request:152] [base:get_response] [WARNING]- Not Found: /media/upload/2017/06/15/jvzbxh.png
2017-06-22 00:03:59,280 [Thread-14:3912] [django.request:152] [base:get_response] [WARNING]- Not Found: /media/upload/2017/06/15/gjgjcb.png
2017-06-22 00:11:34,112 [Thread-2:14052] [django.request:135] [exception:handle_uncaught_exception] [ERROR]- Internal Server Error: /
Traceback (most recent call last):
  File "C:\Envs\blogproject_env\lib\site-packages\django\core\handlers\exception.py", line 41, in inner
    response = get_response(request)
  File "C:\Envs\blogproject_env\lib\site-packages\django\core\handlers\base.py", line 187, in _get_response
    response = self.process_exception_by_middleware(e, request)
  File "C:\Envs\blogproject_env\lib\site-packages\django\core\handlers\base.py", line 185, in _get_response
    response = wrapped_callback(request, *callback_args, **callback_kwargs)
  File "C:\Users\zry71\PycharmProjects\django_blog\blog\views.py", line 30, in index
    return render(request, 'blog/index.html', context={'post_list': post_list})
  File "C:\Envs\blogproject_env\lib\site-packages\django\shortcuts.py", line 30, in render
    content = loader.render_to_string(template_name, context, request, using=using)
  File "C:\Envs\blogproject_env\lib\site-packages\django\template\loader.py", line 68, in render_to_string
    return template.render(context, request)
  File "C:\Envs\blogproject_env\lib\site-packages\django\template\backends\django.py", line 66, in render
    return self.template.render(context)
  File "C:\Envs\blogproject_env\lib\site-packages\django\template\base.py", line 207, in render
    return self._render(context)
  File "C:\Envs\blogproject_env\lib\site-packages\django\template\base.py", line 199, in _render
    return self.nodelist.render(context)
  File "C:\Envs\blogproject_env\lib\site-packages\django\template\base.py", line 990, in render
    bit = node.render_annotated(context)
  File "C:\Envs\blogproject_env\lib\site-packages\django\template\base.py", line 957, in render_annotated
    return self.render(context)
  File "C:\Envs\blogproject_env\lib\site-packages\django\template\loader_tags.py", line 177, in render
    return compiled_parent._render(context)
  File "C:\Envs\blogproject_env\lib\site-packages\django\template\base.py", line 199, in _render
    return self.nodelist.render(context)
  File "C:\Envs\blogproject_env\lib\site-packages\django\template\base.py", line 990, in render
    bit = node.render_annotated(context)
  File "C:\Envs\blogproject_env\lib\site-packages\django\template\base.py", line 957, in render_annotated
    return self.render(context)
  File "C:\Envs\blogproject_env\lib\site-packages\django\template\loader_tags.py", line 72, in render
    result = block.nodelist.render(context)
  File "C:\Envs\blogproject_env\lib\site-packages\django\template\base.py", line 990, in render
    bit = node.render_annotated(context)
  File "C:\Envs\blogproject_env\lib\site-packages\django\template\base.py", line 957, in render_annotated
    return self.render(context)
  File "C:\Envs\blogproject_env\lib\site-packages\django\template\defaulttags.py", line 216, in render
    nodelist.append(node.render_annotated(context))
  File "C:\Envs\blogproject_env\lib\site-packages\django\template\base.py", line 957, in render_annotated
    return self.render(context)
  File "C:\Envs\blogproject_env\lib\site-packages\django\template\defaulttags.py", line 458, in render
    url = reverse(view_name, args=args, kwargs=kwargs, current_app=current_app)
  File "C:\Envs\blogproject_env\lib\site-packages\django\urls\base.py", line 91, in reverse
    return force_text(iri_to_uri(resolver._reverse_with_prefix(view, prefix, *args, **kwargs)))
  File "C:\Envs\blogproject_env\lib\site-packages\django\urls\resolvers.py", line 497, in _reverse_with_prefix
    raise NoReverseMatch(msg)
django.urls.exceptions.NoReverseMatch: Reverse for 'tag' with arguments '('Pycharm 2017¼¤»îÂë',)' not found. 1 pattern(s) tried: ['tag/(?P<slug>[a-zA-Z0-9_\\-\\u4e00-\\u9fa5]+)/$']
2017-06-22 00:14:01,098 [Thread-2:10772] [django.request:135] [exception:handle_uncaught_exception] [ERROR]- Internal Server Error: /
Traceback (most recent call last):
  File "C:\Envs\blogproject_env\lib\site-packages\django\core\handlers\exception.py", line 41, in inner
    response = get_response(request)
  File "C:\Envs\blogproject_env\lib\site-packages\django\core\handlers\base.py", line 187, in _get_response
    response = self.process_exception_by_middleware(e, request)
  File "C:\Envs\blogproject_env\lib\site-packages\django\core\handlers\base.py", line 185, in _get_response
    response = wrapped_callback(request, *callback_args, **callback_kwargs)
  File "C:\Users\zry71\PycharmProjects\django_blog\blog\views.py", line 30, in index
    return render(request, 'blog/index.html', context={'post_list': post_list})
  File "C:\Envs\blogproject_env\lib\site-packages\django\shortcuts.py", line 30, in render
    content = loader.render_to_string(template_name, context, request, using=using)
  File "C:\Envs\blogproject_env\lib\site-packages\django\template\loader.py", line 68, in render_to_string
    return template.render(context, request)
  File "C:\Envs\blogproject_env\lib\site-packages\django\template\backends\django.py", line 66, in render
    return self.template.render(context)
  File "C:\Envs\blogproject_env\lib\site-packages\django\template\base.py", line 207, in render
    return self._render(context)
  File "C:\Envs\blogproject_env\lib\site-packages\django\template\base.py", line 199, in _render
    return self.nodelist.render(context)
  File "C:\Envs\blogproject_env\lib\site-packages\django\template\base.py", line 990, in render
    bit = node.render_annotated(context)
  File "C:\Envs\blogproject_env\lib\site-packages\django\template\base.py", line 957, in render_annotated
    return self.render(context)
  File "C:\Envs\blogproject_env\lib\site-packages\django\template\loader_tags.py", line 177, in render
    return compiled_parent._render(context)
  File "C:\Envs\blogproject_env\lib\site-packages\django\template\base.py", line 199, in _render
    return self.nodelist.render(context)
  File "C:\Envs\blogproject_env\lib\site-packages\django\template\base.py", line 990, in render
    bit = node.render_annotated(context)
  File "C:\Envs\blogproject_env\lib\site-packages\django\template\base.py", line 957, in render_annotated
    return self.render(context)
  File "C:\Envs\blogproject_env\lib\site-packages\django\template\loader_tags.py", line 72, in render
    result = block.nodelist.render(context)
  File "C:\Envs\blogproject_env\lib\site-packages\django\template\base.py", line 990, in render
    bit = node.render_annotated(context)
  File "C:\Envs\blogproject_env\lib\site-packages\django\template\base.py", line 957, in render_annotated
    return self.render(context)
  File "C:\Envs\blogproject_env\lib\site-packages\django\template\defaulttags.py", line 216, in render
    nodelist.append(node.render_annotated(context))
  File "C:\Envs\blogproject_env\lib\site-packages\django\template\base.py", line 957, in render_annotated
    return self.render(context)
  File "C:\Envs\blogproject_env\lib\site-packages\django\template\defaulttags.py", line 458, in render
    url = reverse(view_name, args=args, kwargs=kwargs, current_app=current_app)
  File "C:\Envs\blogproject_env\lib\site-packages\django\urls\base.py", line 91, in reverse
    return force_text(iri_to_uri(resolver._reverse_with_prefix(view, prefix, *args, **kwargs)))
  File "C:\Envs\blogproject_env\lib\site-packages\django\urls\resolvers.py", line 497, in _reverse_with_prefix
    raise NoReverseMatch(msg)
django.urls.exceptions.NoReverseMatch: Reverse for 'tag' with arguments '('Pycharm 2017¼¤»îÂë',)' not found. 1 pattern(s) tried: ['tag/(?P<slug>[a-zA-Z0-9_\\-\\u4e00-\\u9fa5]+)/$']
2017-06-22 00:17:33,479 [Thread-3:9576] [django.request:135] [exception:handle_uncaught_exception] [ERROR]- Internal Server Error: /
Traceback (most recent call last):
  File "C:\Envs\blogproject_env\lib\site-packages\django\core\handlers\exception.py", line 41, in inner
    response = get_response(request)
  File "C:\Envs\blogproject_env\lib\site-packages\django\core\handlers\base.py", line 187, in _get_response
    response = self.process_exception_by_middleware(e, request)
  File "C:\Envs\blogproject_env\lib\site-packages\django\core\handlers\base.py", line 185, in _get_response
    response = wrapped_callback(request, *callback_args, **callback_kwargs)
  File "C:\Users\zry71\PycharmProjects\django_blog\blog\views.py", line 30, in index
    return render(request, 'blog/index.html', context={'post_list': post_list})
  File "C:\Envs\blogproject_env\lib\site-packages\django\shortcuts.py", line 30, in render
    content = loader.render_to_string(template_name, context, request, using=using)
  File "C:\Envs\blogproject_env\lib\site-packages\django\template\loader.py", line 68, in render_to_string
    return template.render(context, request)
  File "C:\Envs\blogproject_env\lib\site-packages\django\template\backends\django.py", line 66, in render
    return self.template.render(context)
  File "C:\Envs\blogproject_env\lib\site-packages\django\template\base.py", line 207, in render
    return self._render(context)
  File "C:\Envs\blogproject_env\lib\site-packages\django\template\base.py", line 199, in _render
    return self.nodelist.render(context)
  File "C:\Envs\blogproject_env\lib\site-packages\django\template\base.py", line 990, in render
    bit = node.render_annotated(context)
  File "C:\Envs\blogproject_env\lib\site-packages\django\template\base.py", line 957, in render_annotated
    return self.render(context)
  File "C:\Envs\blogproject_env\lib\site-packages\django\template\loader_tags.py", line 177, in render
    return compiled_parent._render(context)
  File "C:\Envs\blogproject_env\lib\site-packages\django\template\base.py", line 199, in _render
    return self.nodelist.render(context)
  File "C:\Envs\blogproject_env\lib\site-packages\django\template\base.py", line 990, in render
    bit = node.render_annotated(context)
  File "C:\Envs\blogproject_env\lib\site-packages\django\template\base.py", line 957, in render_annotated
    return self.render(context)
  File "C:\Envs\blogproject_env\lib\site-packages\django\template\loader_tags.py", line 72, in render
    result = block.nodelist.render(context)
  File "C:\Envs\blogproject_env\lib\site-packages\django\template\base.py", line 990, in render
    bit = node.render_annotated(context)
  File "C:\Envs\blogproject_env\lib\site-packages\django\template\base.py", line 957, in render_annotated
    return self.render(context)
  File "C:\Envs\blogproject_env\lib\site-packages\django\template\defaulttags.py", line 216, in render
    nodelist.append(node.render_annotated(context))
  File "C:\Envs\blogproject_env\lib\site-packages\django\template\base.py", line 957, in render_annotated
    return self.render(context)
  File "C:\Envs\blogproject_env\lib\site-packages\django\template\defaulttags.py", line 458, in render
    url = reverse(view_name, args=args, kwargs=kwargs, current_app=current_app)
  File "C:\Envs\blogproject_env\lib\site-packages\django\urls\base.py", line 91, in reverse
    return force_text(iri_to_uri(resolver._reverse_with_prefix(view, prefix, *args, **kwargs)))
  File "C:\Envs\blogproject_env\lib\site-packages\django\urls\resolvers.py", line 497, in _reverse_with_prefix
    raise NoReverseMatch(msg)
django.urls.exceptions.NoReverseMatch: Reverse for 'tag' with arguments '('Pycharm 2017¼¤»îÂë',)' not found. 1 pattern(s) tried: ['tag/(?P<slug>[a-zA-Z0-9_\\-\\u4e00-\\u9fa5]+)/$']
2017-06-22 00:21:13,852 [Thread-2:3028] [django.request:135] [exception:handle_uncaught_exception] [ERROR]- Internal Server Error: /
Traceback (most recent call last):
  File "C:\Envs\blogproject_env\lib\site-packages\django\core\handlers\exception.py", line 41, in inner
    response = get_response(request)
  File "C:\Envs\blogproject_env\lib\site-packages\django\core\handlers\base.py", line 187, in _get_response
    response = self.process_exception_by_middleware(e, request)
  File "C:\Envs\blogproject_env\lib\site-packages\django\core\handlers\base.py", line 185, in _get_response
    response = wrapped_callback(request, *callback_args, **callback_kwargs)
  File "C:\Users\zry71\PycharmProjects\django_blog\blog\views.py", line 30, in index
    return render(request, 'blog/index.html', context={'post_list': post_list})
  File "C:\Envs\blogproject_env\lib\site-packages\django\shortcuts.py", line 30, in render
    content = loader.render_to_string(template_name, context, request, using=using)
  File "C:\Envs\blogproject_env\lib\site-packages\django\template\loader.py", line 68, in render_to_string
    return template.render(context, request)
  File "C:\Envs\blogproject_env\lib\site-packages\django\template\backends\django.py", line 66, in render
    return self.template.render(context)
  File "C:\Envs\blogproject_env\lib\site-packages\django\template\base.py", line 207, in render
    return self._render(context)
  File "C:\Envs\blogproject_env\lib\site-packages\django\template\base.py", line 199, in _render
    return self.nodelist.render(context)
  File "C:\Envs\blogproject_env\lib\site-packages\django\template\base.py", line 990, in render
    bit = node.render_annotated(context)
  File "C:\Envs\blogproject_env\lib\site-packages\django\template\base.py", line 957, in render_annotated
    return self.render(context)
  File "C:\Envs\blogproject_env\lib\site-packages\django\template\loader_tags.py", line 177, in render
    return compiled_parent._render(context)
  File "C:\Envs\blogproject_env\lib\site-packages\django\template\base.py", line 199, in _render
    return self.nodelist.render(context)
  File "C:\Envs\blogproject_env\lib\site-packages\django\template\base.py", line 990, in render
    bit = node.render_annotated(context)
  File "C:\Envs\blogproject_env\lib\site-packages\django\template\base.py", line 957, in render_annotated
    return self.render(context)
  File "C:\Envs\blogproject_env\lib\site-packages\django\template\loader_tags.py", line 72, in render
    result = block.nodelist.render(context)
  File "C:\Envs\blogproject_env\lib\site-packages\django\template\base.py", line 990, in render
    bit = node.render_annotated(context)
  File "C:\Envs\blogproject_env\lib\site-packages\django\template\base.py", line 957, in render_annotated
    return self.render(context)
  File "C:\Envs\blogproject_env\lib\site-packages\django\template\defaulttags.py", line 216, in render
    nodelist.append(node.render_annotated(context))
  File "C:\Envs\blogproject_env\lib\site-packages\django\template\base.py", line 957, in render_annotated
    return self.render(context)
  File "C:\Envs\blogproject_env\lib\site-packages\django\template\defaulttags.py", line 458, in render
    url = reverse(view_name, args=args, kwargs=kwargs, current_app=current_app)
  File "C:\Envs\blogproject_env\lib\site-packages\django\urls\base.py", line 91, in reverse
    return force_text(iri_to_uri(resolver._reverse_with_prefix(view, prefix, *args, **kwargs)))
  File "C:\Envs\blogproject_env\lib\site-packages\django\urls\resolvers.py", line 497, in _reverse_with_prefix
    raise NoReverseMatch(msg)
django.urls.exceptions.NoReverseMatch: Reverse for 'tag' with arguments '('Pycharm 2017¼¤»îÂë',)' not found. 1 pattern(s) tried: ['tag/(?P<slug>[a-zA-Z0-9_\\-\\u4e00-\\u9fa5]+)/$']
2017-06-22 00:22:50,563 [Thread-1:10408] [django.request:135] [exception:handle_uncaught_exception] [ERROR]- Internal Server Error: /
Traceback (most recent call last):
  File "C:\Envs\blogproject_env\lib\site-packages\django\core\handlers\exception.py", line 41, in inner
    response = get_response(request)
  File "C:\Envs\blogproject_env\lib\site-packages\django\core\handlers\base.py", line 187, in _get_response
    response = self.process_exception_by_middleware(e, request)
  File "C:\Envs\blogproject_env\lib\site-packages\django\core\handlers\base.py", line 185, in _get_response
    response = wrapped_callback(request, *callback_args, **callback_kwargs)
  File "C:\Users\zry71\PycharmProjects\django_blog\blog\views.py", line 30, in index
    return render(request, 'blog/index.html', context={'post_list': post_list})
  File "C:\Envs\blogproject_env\lib\site-packages\django\shortcuts.py", line 30, in render
    content = loader.render_to_string(template_name, context, request, using=using)
  File "C:\Envs\blogproject_env\lib\site-packages\django\template\loader.py", line 68, in render_to_string
    return template.render(context, request)
  File "C:\Envs\blogproject_env\lib\site-packages\django\template\backends\django.py", line 66, in render
    return self.template.render(context)
  File "C:\Envs\blogproject_env\lib\site-packages\django\template\base.py", line 207, in render
    return self._render(context)
  File "C:\Envs\blogproject_env\lib\site-packages\django\template\base.py", line 199, in _render
    return self.nodelist.render(context)
  File "C:\Envs\blogproject_env\lib\site-packages\django\template\base.py", line 990, in render
    bit = node.render_annotated(context)
  File "C:\Envs\blogproject_env\lib\site-packages\django\template\base.py", line 957, in render_annotated
    return self.render(context)
  File "C:\Envs\blogproject_env\lib\site-packages\django\template\loader_tags.py", line 177, in render
    return compiled_parent._render(context)
  File "C:\Envs\blogproject_env\lib\site-packages\django\template\base.py", line 199, in _render
    return self.nodelist.render(context)
  File "C:\Envs\blogproject_env\lib\site-packages\django\template\base.py", line 990, in render
    bit = node.render_annotated(context)
  File "C:\Envs\blogproject_env\lib\site-packages\django\template\base.py", line 957, in render_annotated
    return self.render(context)
  File "C:\Envs\blogproject_env\lib\site-packages\django\template\loader_tags.py", line 72, in render
    result = block.nodelist.render(context)
  File "C:\Envs\blogproject_env\lib\site-packages\django\template\base.py", line 990, in render
    bit = node.render_annotated(context)
  File "C:\Envs\blogproject_env\lib\site-packages\django\template\base.py", line 957, in render_annotated
    return self.render(context)
  File "C:\Envs\blogproject_env\lib\site-packages\django\template\defaulttags.py", line 216, in render
    nodelist.append(node.render_annotated(context))
  File "C:\Envs\blogproject_env\lib\site-packages\django\template\base.py", line 957, in render_annotated
    return self.render(context)
  File "C:\Envs\blogproject_env\lib\site-packages\django\template\defaulttags.py", line 458, in render
    url = reverse(view_name, args=args, kwargs=kwargs, current_app=current_app)
  File "C:\Envs\blogproject_env\lib\site-packages\django\urls\base.py", line 91, in reverse
    return force_text(iri_to_uri(resolver._reverse_with_prefix(view, prefix, *args, **kwargs)))
  File "C:\Envs\blogproject_env\lib\site-packages\django\urls\resolvers.py", line 497, in _reverse_with_prefix
    raise NoReverseMatch(msg)
django.urls.exceptions.NoReverseMatch: Reverse for 'tag' with arguments '('Pycharm 2017¼¤»îÂë',)' not found. 1 pattern(s) tried: ['tag/(?P<slug>[a-zA-Z0-9_\\-\\u4e00-\\u9fa5]+)/$']
2017-06-22 00:22:57,154 [Thread-3:11900] [django.request:135] [exception:handle_uncaught_exception] [ERROR]- Internal Server Error: /
Traceback (most recent call last):
  File "C:\Envs\blogproject_env\lib\site-packages\django\core\handlers\exception.py", line 41, in inner
    response = get_response(request)
  File "C:\Envs\blogproject_env\lib\site-packages\django\core\handlers\base.py", line 187, in _get_response
    response = self.process_exception_by_middleware(e, request)
  File "C:\Envs\blogproject_env\lib\site-packages\django\core\handlers\base.py", line 185, in _get_response
    response = wrapped_callback(request, *callback_args, **callback_kwargs)
  File "C:\Users\zry71\PycharmProjects\django_blog\blog\views.py", line 30, in index
    return render(request, 'blog/index.html', context={'post_list': post_list})
  File "C:\Envs\blogproject_env\lib\site-packages\django\shortcuts.py", line 30, in render
    content = loader.render_to_string(template_name, context, request, using=using)
  File "C:\Envs\blogproject_env\lib\site-packages\django\template\loader.py", line 68, in render_to_string
    return template.render(context, request)
  File "C:\Envs\blogproject_env\lib\site-packages\django\template\backends\django.py", line 66, in render
    return self.template.render(context)
  File "C:\Envs\blogproject_env\lib\site-packages\django\template\base.py", line 207, in render
    return self._render(context)
  File "C:\Envs\blogproject_env\lib\site-packages\django\template\base.py", line 199, in _render
    return self.nodelist.render(context)
  File "C:\Envs\blogproject_env\lib\site-packages\django\template\base.py", line 990, in render
    bit = node.render_annotated(context)
  File "C:\Envs\blogproject_env\lib\site-packages\django\template\base.py", line 957, in render_annotated
    return self.render(context)
  File "C:\Envs\blogproject_env\lib\site-packages\django\template\loader_tags.py", line 177, in render
    return compiled_parent._render(context)
  File "C:\Envs\blogproject_env\lib\site-packages\django\template\base.py", line 199, in _render
    return self.nodelist.render(context)
  File "C:\Envs\blogproject_env\lib\site-packages\django\template\base.py", line 990, in render
    bit = node.render_annotated(context)
  File "C:\Envs\blogproject_env\lib\site-packages\django\template\base.py", line 957, in render_annotated
    return self.render(context)
  File "C:\Envs\blogproject_env\lib\site-packages\django\template\loader_tags.py", line 72, in render
    result = block.nodelist.render(context)
  File "C:\Envs\blogproject_env\lib\site-packages\django\template\base.py", line 990, in render
    bit = node.render_annotated(context)
  File "C:\Envs\blogproject_env\lib\site-packages\django\template\base.py", line 957, in render_annotated
    return self.render(context)
  File "C:\Envs\blogproject_env\lib\site-packages\django\template\defaulttags.py", line 216, in render
    nodelist.append(node.render_annotated(context))
  File "C:\Envs\blogproject_env\lib\site-packages\django\template\base.py", line 957, in render_annotated
    return self.render(context)
  File "C:\Envs\blogproject_env\lib\site-packages\django\template\defaulttags.py", line 458, in render
    url = reverse(view_name, args=args, kwargs=kwargs, current_app=current_app)
  File "C:\Envs\blogproject_env\lib\site-packages\django\urls\base.py", line 91, in reverse
    return force_text(iri_to_uri(resolver._reverse_with_prefix(view, prefix, *args, **kwargs)))
  File "C:\Envs\blogproject_env\lib\site-packages\django\urls\resolvers.py", line 497, in _reverse_with_prefix
    raise NoReverseMatch(msg)
django.urls.exceptions.NoReverseMatch: Reverse for 'tag' with arguments '('Pycharm 2017¼¤»îÂë',)' not found. 1 pattern(s) tried: ['tag/(?P<slug>[a-zA-Z0-9_\\-\\u4e00-\\u9fa5]+)/$']
2017-06-22 00:24:41,548 [Thread-5:8044] [django.request:152] [base:get_response] [WARNING]- Not Found: /static/admin/css/changelists.css
2017-06-22 00:24:41,581 [Thread-7:13128] [django.request:152] [base:get_response] [WARNING]- Not Found: /static/admin/js/core.js
2017-06-22 00:24:41,584 [Thread-8:8408] [django.request:152] [base:get_response] [WARNING]- Not Found: /static/admin/js/vendor/jquery/jquery.min.js
2017-06-22 00:24:41,589 [Thread-9:10256] [django.request:152] [base:get_response] [WARNING]- Not Found: /static/admin/js/admin/RelatedObjectLookups.js
2017-06-22 00:24:41,598 [Thread-10:15904] [django.request:152] [base:get_response] [WARNING]- Not Found: /static/admin/js/jquery.init.js
2017-06-22 00:24:41,650 [Thread-11:13280] [django.request:152] [base:get_response] [WARNING]- Not Found: /static/admin/js/actions.min.js
2017-06-22 00:24:41,655 [Thread-12:11860] [django.request:152] [base:get_response] [WARNING]- Not Found: /static/admin/js/urlify.js
2017-06-22 00:24:41,670 [Thread-13:2492] [django.request:152] [base:get_response] [WARNING]- Not Found: /static/admin/js/vendor/xregexp/xregexp.min.js
2017-06-22 00:24:41,675 [Thread-14:14932] [django.request:152] [base:get_response] [WARNING]- Not Found: /static/admin/js/prepopulate.min.js
2017-06-22 00:24:41,680 [Thread-15:12808] [django.request:152] [base:get_response] [WARNING]- Not Found: /static/admin/js/core.js
2017-06-22 00:24:41,714 [Thread-16:7552] [django.request:152] [base:get_response] [WARNING]- Not Found: /static/admin/img/search.svg
2017-06-22 00:24:41,727 [Thread-17:13216] [django.request:152] [base:get_response] [WARNING]- Not Found: /static/admin/img/icon-yes.svg
2017-06-22 00:24:41,730 [Thread-18:7248] [django.request:152] [base:get_response] [WARNING]- Not Found: /static/admin/img/icon-no.svg
2017-06-22 00:24:41,734 [Thread-19:11068] [django.request:152] [base:get_response] [WARNING]- Not Found: /static/admin/js/vendor/jquery/jquery.min.js
2017-06-22 00:24:41,768 [Thread-20:13340] [django.request:152] [base:get_response] [WARNING]- Not Found: /static/admin/js/jquery.init.js
2017-06-22 00:24:41,802 [Thread-21:8748] [django.request:152] [base:get_response] [WARNING]- Not Found: /static/admin/js/admin/RelatedObjectLookups.js
2017-06-22 00:24:41,834 [Thread-22:14008] [django.request:152] [base:get_response] [WARNING]- Not Found: /static/admin/js/actions.min.js
2017-06-22 00:24:41,867 [Thread-23:11488] [django.request:152] [base:get_response] [WARNING]- Not Found: /static/admin/js/urlify.js
2017-06-22 00:24:41,897 [Thread-24:13012] [django.request:152] [base:get_response] [WARNING]- Not Found: /static/admin/js/prepopulate.min.js
2017-06-22 00:24:41,925 [Thread-25:3856] [django.request:152] [base:get_response] [WARNING]- Not Found: /static/admin/js/vendor/xregexp/xregexp.min.js
2017-06-22 00:24:42,014 [Thread-26:8140] [django.request:152] [base:get_response] [WARNING]- Not Found: /static/admin/img/search.svg
2017-06-22 00:24:42,024 [Thread-27:13876] [django.request:152] [base:get_response] [WARNING]- Not Found: /static/admin/img/icon-yes.svg
2017-06-22 00:24:42,030 [Thread-28:6836] [django.request:152] [base:get_response] [WARNING]- Not Found: /static/admin/img/icon-no.svg
2017-06-22 00:24:42,036 [Thread-29:11600] [django.request:152] [base:get_response] [WARNING]- Not Found: /static/admin/img/tooltag-add.svg
2017-06-22 00:24:45,525 [Thread-30:10392] [django.request:135] [exception:handle_uncaught_exception] [ERROR]- Internal Server Error: /
Traceback (most recent call last):
  File "C:\Envs\blogproject_env\lib\site-packages\django\core\handlers\exception.py", line 41, in inner
    response = get_response(request)
  File "C:\Envs\blogproject_env\lib\site-packages\django\core\handlers\base.py", line 187, in _get_response
    response = self.process_exception_by_middleware(e, request)
  File "C:\Envs\blogproject_env\lib\site-packages\django\core\handlers\base.py", line 185, in _get_response
    response = wrapped_callback(request, *callback_args, **callback_kwargs)
  File "C:\Users\zry71\PycharmProjects\django_blog\blog\views.py", line 30, in index
    return render(request, 'blog/index.html', context={'post_list': post_list})
  File "C:\Envs\blogproject_env\lib\site-packages\django\shortcuts.py", line 30, in render
    content = loader.render_to_string(template_name, context, request, using=using)
  File "C:\Envs\blogproject_env\lib\site-packages\django\template\loader.py", line 68, in render_to_string
    return template.render(context, request)
  File "C:\Envs\blogproject_env\lib\site-packages\django\template\backends\django.py", line 66, in render
    return self.template.render(context)
  File "C:\Envs\blogproject_env\lib\site-packages\django\template\base.py", line 207, in render
    return self._render(context)
  File "C:\Envs\blogproject_env\lib\site-packages\django\template\base.py", line 199, in _render
    return self.nodelist.render(context)
  File "C:\Envs\blogproject_env\lib\site-packages\django\template\base.py", line 990, in render
    bit = node.render_annotated(context)
  File "C:\Envs\blogproject_env\lib\site-packages\django\template\base.py", line 957, in render_annotated
    return self.render(context)
  File "C:\Envs\blogproject_env\lib\site-packages\django\template\loader_tags.py", line 177, in render
    return compiled_parent._render(context)
  File "C:\Envs\blogproject_env\lib\site-packages\django\template\base.py", line 199, in _render
    return self.nodelist.render(context)
  File "C:\Envs\blogproject_env\lib\site-packages\django\template\base.py", line 990, in render
    bit = node.render_annotated(context)
  File "C:\Envs\blogproject_env\lib\site-packages\django\template\base.py", line 957, in render_annotated
    return self.render(context)
  File "C:\Envs\blogproject_env\lib\site-packages\django\template\loader_tags.py", line 72, in render
    result = block.nodelist.render(context)
  File "C:\Envs\blogproject_env\lib\site-packages\django\template\base.py", line 990, in render
    bit = node.render_annotated(context)
  File "C:\Envs\blogproject_env\lib\site-packages\django\template\base.py", line 957, in render_annotated
    return self.render(context)
  File "C:\Envs\blogproject_env\lib\site-packages\django\template\defaulttags.py", line 216, in render
    nodelist.append(node.render_annotated(context))
  File "C:\Envs\blogproject_env\lib\site-packages\django\template\base.py", line 957, in render_annotated
    return self.render(context)
  File "C:\Envs\blogproject_env\lib\site-packages\django\template\defaulttags.py", line 458, in render
    url = reverse(view_name, args=args, kwargs=kwargs, current_app=current_app)
  File "C:\Envs\blogproject_env\lib\site-packages\django\urls\base.py", line 91, in reverse
    return force_text(iri_to_uri(resolver._reverse_with_prefix(view, prefix, *args, **kwargs)))
  File "C:\Envs\blogproject_env\lib\site-packages\django\urls\resolvers.py", line 497, in _reverse_with_prefix
    raise NoReverseMatch(msg)
django.urls.exceptions.NoReverseMatch: Reverse for 'tag' with arguments '('Pycharm 2017¼¤»îÂë',)' not found. 1 pattern(s) tried: ['tag/(?P<slug>[a-zA-Z0-9_\\-\\u4e00-\\u9fa5]+)/$']
2017-06-22 00:25:05,549 [Thread-31:10940] [django.request:135] [exception:handle_uncaught_exception] [ERROR]- Internal Server Error: /
Traceback (most recent call last):
  File "C:\Envs\blogproject_env\lib\site-packages\django\core\handlers\exception.py", line 41, in inner
    response = get_response(request)
  File "C:\Envs\blogproject_env\lib\site-packages\django\core\handlers\base.py", line 187, in _get_response
    response = self.process_exception_by_middleware(e, request)
  File "C:\Envs\blogproject_env\lib\site-packages\django\core\handlers\base.py", line 185, in _get_response
    response = wrapped_callback(request, *callback_args, **callback_kwargs)
  File "C:\Users\zry71\PycharmProjects\django_blog\blog\views.py", line 30, in index
    return render(request, 'blog/index.html', context={'post_list': post_list})
  File "C:\Envs\blogproject_env\lib\site-packages\django\shortcuts.py", line 30, in render
    content = loader.render_to_string(template_name, context, request, using=using)
  File "C:\Envs\blogproject_env\lib\site-packages\django\template\loader.py", line 68, in render_to_string
    return template.render(context, request)
  File "C:\Envs\blogproject_env\lib\site-packages\django\template\backends\django.py", line 66, in render
    return self.template.render(context)
  File "C:\Envs\blogproject_env\lib\site-packages\django\template\base.py", line 207, in render
    return self._render(context)
  File "C:\Envs\blogproject_env\lib\site-packages\django\template\base.py", line 199, in _render
    return self.nodelist.render(context)
  File "C:\Envs\blogproject_env\lib\site-packages\django\template\base.py", line 990, in render
    bit = node.render_annotated(context)
  File "C:\Envs\blogproject_env\lib\site-packages\django\template\base.py", line 957, in render_annotated
    return self.render(context)
  File "C:\Envs\blogproject_env\lib\site-packages\django\template\loader_tags.py", line 177, in render
    return compiled_parent._render(context)
  File "C:\Envs\blogproject_env\lib\site-packages\django\template\base.py", line 199, in _render
    return self.nodelist.render(context)
  File "C:\Envs\blogproject_env\lib\site-packages\django\template\base.py", line 990, in render
    bit = node.render_annotated(context)
  File "C:\Envs\blogproject_env\lib\site-packages\django\template\base.py", line 957, in render_annotated
    return self.render(context)
  File "C:\Envs\blogproject_env\lib\site-packages\django\template\loader_tags.py", line 72, in render
    result = block.nodelist.render(context)
  File "C:\Envs\blogproject_env\lib\site-packages\django\template\base.py", line 990, in render
    bit = node.render_annotated(context)
  File "C:\Envs\blogproject_env\lib\site-packages\django\template\base.py", line 957, in render_annotated
    return self.render(context)
  File "C:\Envs\blogproject_env\lib\site-packages\django\template\defaulttags.py", line 216, in render
    nodelist.append(node.render_annotated(context))
  File "C:\Envs\blogproject_env\lib\site-packages\django\template\base.py", line 957, in render_annotated
    return self.render(context)
  File "C:\Envs\blogproject_env\lib\site-packages\django\template\defaulttags.py", line 458, in render
    url = reverse(view_name, args=args, kwargs=kwargs, current_app=current_app)
  File "C:\Envs\blogproject_env\lib\site-packages\django\urls\base.py", line 91, in reverse
    return force_text(iri_to_uri(resolver._reverse_with_prefix(view, prefix, *args, **kwargs)))
  File "C:\Envs\blogproject_env\lib\site-packages\django\urls\resolvers.py", line 497, in _reverse_with_prefix
    raise NoReverseMatch(msg)
django.urls.exceptions.NoReverseMatch: Reverse for 'tag' with arguments '('Pycharm 2017¼¤»îÂë',)' not found. 1 pattern(s) tried: ['tag/(?P<slug>[a-zA-Z0-9_\\-\\u4e00-\\u9fa5]+)/$']
2017-06-22 00:26:23,598 [Thread-85:6388] [django.request:152] [base:get_response] [WARNING]- Not Found: /media/upload/2017/06/15/ltmjux.png
2017-06-22 00:26:23,623 [Thread-82:15788] [django.request:152] [base:get_response] [WARNING]- Not Found: /media/upload/2017/06/15/gjgjcb.png
2017-06-22 00:26:23,626 [Thread-84:2928] [django.request:152] [base:get_response] [WARNING]- Not Found: /media/upload/2017/06/15/mekpfc.png
2017-06-22 00:26:23,636 [Thread-86:6360] [django.request:152] [base:get_response] [WARNING]- Not Found: /media/upload/2017/06/15/jvzbxh.png
2017-06-22 00:26:23,638 [Thread-83:15640] [django.request:152] [base:get_response] [WARNING]- Not Found: /media/upload/2017/06/15/refrie.png
2017-06-22 00:26:24,129 [Thread-90:15656] [django.request:152] [base:get_response] [WARNING]- Not Found: /media/upload/2017/06/15/mekpfc.png
2017-06-22 00:26:24,142 [Thread-91:15232] [django.request:152] [base:get_response] [WARNING]- Not Found: /media/upload/2017/06/15/ltmjux.png
2017-06-22 00:26:24,154 [Thread-87:12352] [django.request:152] [base:get_response] [WARNING]- Not Found: /media/upload/2017/06/15/jvzbxh.png
2017-06-22 00:26:24,153 [Thread-89:15280] [django.request:152] [base:get_response] [WARNING]- Not Found: /media/upload/2017/06/15/refrie.png
2017-06-22 00:26:24,163 [Thread-88:9280] [django.request:152] [base:get_response] [WARNING]- Not Found: /media/upload/2017/06/15/gjgjcb.png
